Build started 12/9/2011 7:23:06 PM.
     1>Project "F:\Alex\Documents\Visual Studio 2010\Projects\Hydro\Hydro\Hydro.vcxproj" on node 2 (build target(s)).
     1>InitializeBuildStatus:
         Creating "Debug\Hydro.unsuccessfulbuild" because "AlwaysCreate" was specified.
       ClCompile:
         d:\Program Files (x86)\Microsoft Visual Studio 10.0\VC\bin\CL.exe /c /ZI /nologo /W3 /WX- /Od /Oy- /D _MBCS /Gm /EHsc /RTC1 /MDd /GS /fp:precise /Zc:wchar_t /Zc:forScope /Fo"Debug\\" /Fd"Debug\vc100.pdb" /Gd /TP /analyze- /errorReport:prompt control.cpp
         control.cpp
     1>f:\alex\documents\visual studio 2010\projects\hydro\hydro\control.cpp(73): warning C4244: '=' : conversion from 'double' to 'float', possible loss of data
       Link:
         d:\Program Files (x86)\Microsoft Visual Studio 10.0\VC\bin\link.exe /ERRORREPORT:PROMPT /OUT:"F:\Alex\Documents\Visual Studio 2010\Projects\Hydro\Debug\Hydro.exe" /NOLOGO DevIL.lib assimp.lib glew32.lib kernel32.lib user32.lib gdi32.lib winspool.lib comdlg32.lib advapi32.lib shell32.lib ole32.lib oleaut32.lib uuid.lib odbc32.lib odbccp32.lib kernel32.lib user32.lib gdi32.lib winspool.lib comdlg32.lib advapi32.lib shell32.lib ole32.lib oleaut32.lib uuid.lib odbc32.lib odbccp32.lib /MANIFEST /ManifestFile:"Debug\Hydro.exe.intermediate.manifest" /MANIFESTUAC:"level='asInvoker' uiAccess='false'" /DEBUG /PDB:"F:\Alex\Documents\Visual Studio 2010\Projects\Hydro\Debug\Hydro.pdb" /TLBID:1 /DYNAMICBASE /NXCOMPAT /IMPLIB:"F:\Alex\Documents\Visual Studio 2010\Projects\Hydro\Debug\Hydro.lib" /MACHINE:X86 Debug\camera.obj
         Debug\control.obj
         Debug\drawWorld.obj
         Debug\Main.obj
         Debug\mesh.obj
         Debug\physics.obj
         Debug\util.obj
         LINK : F:\Alex\Documents\Visual Studio 2010\Projects\Hydro\Debug\Hydro.exe not found or not built by the last incremental link; performing full link
         Hydro.vcxproj -> F:\Alex\Documents\Visual Studio 2010\Projects\Hydro\Debug\Hydro.exe
       Manifest:
         C:\Program Files (x86)\Microsoft SDKs\Windows\v7.0A\bin\mt.exe /nologo /verbose /outputresource:"F:\Alex\Documents\Visual Studio 2010\Projects\Hydro\Debug\Hydro.exe;#1" /manifest Debug\Hydro.exe.intermediate.manifest
       FinalizeBuildStatus:
         Deleting file "Debug\Hydro.unsuccessfulbuild".
         Touching "Debug\Hydro.lastbuildstate".
     1>Done Building Project "F:\Alex\Documents\Visual Studio 2010\Projects\Hydro\Hydro\Hydro.vcxproj" (build target(s)).

Build succeeded.

Time Elapsed 00:00:00.72
